0 silly argv {
0 silly argv   _: [ 'run' ],
0 silly argv   scope: '@tp/app',
0 silly argv   stream: true,
0 silly argv   lernaVersion: '3.22.1',
0 silly argv   '$0': '/Users/alexvizcaino/Documents/dev/tp/node_modules/.bin/lerna',
0 silly argv   script: 'serve'
0 silly argv }
1 notice cli v3.22.1
2 verbose rootPath /Users/alexvizcaino/Documents/dev/tp
3 notice filter including "@tp/app"
4 info filter [ '@tp/app' ]
5 info Executing command in 1 package: "yarn run serve"
6 silly npmRunScript.stream [ 'serve', [], '@tp/app' ]
7 silly getExecOpts /Users/alexvizcaino/Documents/dev/tp/packages/app undefined
8 error MaxBufferError: stdout maxBuffer exceeded
8 error     at PassThrough.<anonymous> (/Users/alexvizcaino/Documents/dev/tp/node_modules/get-stream/index.js:41:19)
8 error     at PassThrough.emit (events.js:327:22)
8 error     at addChunk (_stream_readable.js:309:12)
8 error     at readableAddChunk (_stream_readable.js:280:11)
8 error     at PassThrough.Readable.push (_stream_readable.js:223:10)
8 error     at PassThrough.Transform.push (_stream_transform.js:166:32)
8 error     at PassThrough.afterTransform (_stream_transform.js:101:10)
8 error     at PassThrough._transform (_stream_passthrough.js:46:3)
8 error     at PassThrough.Transform._read (_stream_transform.js:205:10)
